<?xml version="1.0" encoding="UTF-8"?>
<!-- Generated by org.testng.reporters.JUnitReportReporter -->
<testsuite hostname="LAPTOP-O0RL6D68" failures="0" tests="1" name="com.sevenrmartsupermarket.tests.ManageContentTest" time="7.087" errors="0" timestamp="23 May 2023 07:10:58 GMT" skipped="0">
  <testcase classname="com.sevenrmartsupermarket.tests.ManageContentTest" name="verifyNewPageCreation" time="7.087"/>
</testsuite> <!-- com.sevenrmartsupermarket.tests.ManageContentTest -->
