<?xml version="1.0" encoding="UTF-8"?>
<!-- Generated by org.testng.reporters.JUnitReportReporter -->
<testsuite hostname="LAPTOP-O0RL6D68" failures="0" tests="1" name="com.sevenrmartsupermarket.tests.PushNotificationTest" time="4.509" errors="0" timestamp="05 May 2023 12:25:03 GMT" skipped="0">
  <testcase classname="com.sevenrmartsupermarket.tests.PushNotificationTest" name="verifyPushNotification" time="4.509"/>
</testsuite> <!-- com.sevenrmartsupermarket.tests.PushNotificationTest -->
