<?xml version="1.0" encoding="UTF-8"?>
<!-- Generated by org.testng.reporters.JUnitReportReporter -->
<testsuite hostname="LAPTOP-O0RL6D68" failures="0" tests="1" name="com.sevenrmartsupermarket.tests.ManageDeliveryBoyTest" time="4.952" errors="0" timestamp="12 May 2023 07:58:39 GMT" skipped="0">
  <testcase classname="com.sevenrmartsupermarket.tests.ManageDeliveryBoyTest" name="verifySearchDeliveryListBoy" time="4.952"/>
</testsuite> <!-- com.sevenrmartsupermarket.tests.ManageDeliveryBoyTest -->
