<?xml version="1.0" encoding="UTF-8"?>
<!-- Generated by org.testng.reporters.JUnitReportReporter -->
<testsuite hostname="LAPTOP-O0RL6D68" failures="0" tests="2" name="com.sevenrmartsupermarket.tests.PushNotificationTest" time="8.151" errors="0" timestamp="15 May 2023 09:38:25 GMT" skipped="0">
  <testcase classname="com.sevenrmartsupermarket.tests.PushNotificationTest" name="verifyPushNotifications" time="4.781"/>
  <testcase classname="com.sevenrmartsupermarket.tests.PushNotificationTest" name="verifyPushNotifications" time="3.370"/>
</testsuite> <!-- com.sevenrmartsupermarket.tests.PushNotificationTest -->
