<?xml version="1.0" encoding="UTF-8"?>
<!-- Generated by org.testng.reporters.JUnitReportReporter -->
<testsuite hostname="LAPTOP-O0RL6D68" failures="0" tests="1" name="com.sevenrmartsupermarket.tests.ManageCategoryTest" time="8.324" errors="0" timestamp="16 May 2023 09:01:10 GMT" skipped="0">
  <testcase classname="com.sevenrmartsupermarket.tests.ManageCategoryTest" name="verifySubCategoryDeleteFunctionality" time="8.324"/>
</testsuite> <!-- com.sevenrmartsupermarket.tests.ManageCategoryTest -->
