<?xml version="1.0" encoding="UTF-8"?>
<!-- Generated by org.testng.reporters.JUnitReportReporter -->
<testsuite hostname="LAPTOP-O0RL6D68" failures="0" tests="1" name="com.sevenrmartsupermarket.tests.LoginTest" time="3.399" errors="0" timestamp="12 May 2023 06:58:06 GMT" skipped="0">
  <testcase classname="com.sevenrmartsupermarket.tests.LoginTest" name="verifySignInButtonEnabled" time="3.399"/>
</testsuite> <!-- com.sevenrmartsupermarket.tests.LoginTest -->
