<?xml version="1.0" encoding="UTF-8"?>
<!-- Generated by org.testng.reporters.JUnitReportReporter -->
<testsuite hostname="LAPTOP-O0RL6D68" failures="0" tests="1" name="com.sevenrmartsupermarket.tests.ManageUsersTest" time="7.754" errors="0" timestamp="06 May 2023 02:19:59 GMT" skipped="0">
  <testcase classname="com.sevenrmartsupermarket.tests.ManageUsersTest" name="verifySearchUser" time="7.754"/>
</testsuite> <!-- com.sevenrmartsupermarket.tests.ManageUsersTest -->
