<?xml version="1.0" encoding="UTF-8"?>
<!-- Generated by org.testng.reporters.JUnitReportReporter -->
<testsuite hostname="LAPTOP-O0RL6D68" failures="0" tests="1" name="com.sevenrmartsupermarket.tests.ManageSliderTest" time="6.035" errors="0" timestamp="15 May 2023 09:11:25 GMT" skipped="0">
  <testcase classname="com.sevenrmartsupermarket.tests.ManageSliderTest" name="verifySliderUpdation" time="6.035"/>
</testsuite> <!-- com.sevenrmartsupermarket.tests.ManageSliderTest -->
