<?xml version="1.0" encoding="UTF-8"?>
<!-- Generated by org.testng.reporters.JUnitReportReporter -->
<testsuite hostname="LAPTOP-O0RL6D68" failures="0" tests="1" name="com.sevenrmartsupermarket.tests.PushNotificationTest" time="10.704" errors="0" timestamp="12 May 2023 06:39:57 GMT" skipped="0">
  <testcase classname="com.sevenrmartsupermarket.tests.PushNotificationTest" name="verifyPushNotification" time="10.704"/>
</testsuite> <!-- com.sevenrmartsupermarket.tests.PushNotificationTest -->
