<?xml version="1.0" encoding="UTF-8"?>
<!-- Generated by org.testng.reporters.JUnitReportReporter -->
<testsuite hostname="LAPTOP-O0RL6D68" failures="0" tests="1" name="com.sevenrmartsupermarket.tests.ManageLocationTest" time="4.271" errors="0" timestamp="23 May 2023 07:16:32 GMT" skipped="0">
  <testcase classname="com.sevenrmartsupermarket.tests.ManageLocationTest" name="verifyLocationSearch" time="4.271"/>
</testsuite> <!-- com.sevenrmartsupermarket.tests.ManageLocationTest -->
