<?xml version="1.0" encoding="UTF-8"?>
<!-- Generated by org.testng.reporters.JUnitReportReporter -->
<testsuite hostname="LAPTOP-O0RL6D68" failures="0" tests="1" name="com.sevenrmartsupermarket.tests.AdminUsersTest" time="6.272" errors="0" timestamp="15 May 2023 05:12:42 GMT" skipped="0">
  <testcase classname="com.sevenrmartsupermarket.tests.AdminUsersTest" name="verifySearchUserFunctionality" time="6.272"/>
</testsuite> <!-- com.sevenrmartsupermarket.tests.AdminUsersTest -->
