<?xml version="1.0" encoding="UTF-8"?>
<!-- Generated by org.testng.reporters.JUnitReportReporter -->
<testsuite hostname="LAPTOP-O0RL6D68" failures="0" tests="1" name="com.sevenrmartsupermarket.tests.ManageContentTest" time="4.232" errors="0" timestamp="12 May 2023 08:21:13 GMT" skipped="0">
  <testcase classname="com.sevenrmartsupermarket.tests.ManageContentTest" name="verifyNewPageCreation" time="4.232"/>
</testsuite> <!-- com.sevenrmartsupermarket.tests.ManageContentTest -->
