<?xml version="1.0" encoding="UTF-8"?>
<!-- Generated by org.testng.reporters.JUnitReportReporter -->
<testsuite hostname="LAPTOP-O0RL6D68" failures="0" tests="1" name="com.sevenrmartsupermarket.tests.AdminUsersTest" time="5.802" errors="0" timestamp="10 May 2023 08:13:17 GMT" skipped="0">
  <testcase classname="com.sevenrmartsupermarket.tests.AdminUsersTest" name="verifyDeleteUserFunctionality" time="5.802"/>
</testsuite> <!-- com.sevenrmartsupermarket.tests.AdminUsersTest -->
