<?xml version="1.0" encoding="UTF-8"?>
<!-- Generated by org.testng.reporters.JUnitReportReporter -->
<testsuite hostname="LAPTOP-O0RL6D68" failures="0" tests="1" name="com.sevenrmartsupermarket.tests.ManageContentTest" time="6.042" errors="0" timestamp="15 May 2023 06:24:57 GMT" skipped="0">
  <testcase classname="com.sevenrmartsupermarket.tests.ManageContentTest" name="verifyNewsCreation" time="6.042"/>
</testsuite> <!-- com.sevenrmartsupermarket.tests.ManageContentTest -->
