<?xml version="1.0" encoding="UTF-8"?>
<!-- Generated by org.testng.reporters.JUnitReportReporter -->
<testsuite hostname="LAPTOP-O0RL6D68" failures="0" tests="1" name="com.sevenrmartsupermarket.tests.LoginTest" time="4.491" errors="0" timestamp="23 May 2023 16:39:49 GMT" skipped="0">
  <testcase classname="com.sevenrmartsupermarket.tests.LoginTest" name="verifyInvalidLoginErrorMessage" time="4.491"/>
</testsuite> <!-- com.sevenrmartsupermarket.tests.LoginTest -->
