<?xml version="1.0" encoding="UTF-8"?>
<!-- Generated by org.testng.reporters.JUnitReportReporter -->
<testsuite hostname="LAPTOP-O0RL6D68" failures="0" tests="1" name="com.sevenrmartsupermarket.tests.ManageSliderTest" time="4.631" errors="0" timestamp="23 May 2023 07:17:36 GMT" skipped="0">
  <testcase classname="com.sevenrmartsupermarket.tests.ManageSliderTest" name="verifySliderUpdation" time="4.631"/>
</testsuite> <!-- com.sevenrmartsupermarket.tests.ManageSliderTest -->
