<?xml version="1.0" encoding="UTF-8"?>
<!-- Generated by org.testng.reporters.JUnitReportReporter -->
<testsuite hostname="LAPTOP-O0RL6D68" failures="0" tests="1" name="com.sevenrmartsupermarket.tests.ManageCategoryTest" time="6.301" errors="0" timestamp="23 May 2023 16:42:15 GMT" skipped="0">
  <testcase classname="com.sevenrmartsupermarket.tests.ManageCategoryTest" name="verifyNewSubCategoryCreation" time="6.301"/>
</testsuite> <!-- com.sevenrmartsupermarket.tests.ManageCategoryTest -->
