<?xml version="1.0" encoding="UTF-8"?>
<!-- Generated by org.testng.reporters.JUnitReportReporter -->
<testsuite hostname="LAPTOP-O0RL6D68" failures="0" tests="2" name="com.sevenrmartsupermarket.tests.ManageSliderTest" time="135.183" errors="0" timestamp="24 May 2023 01:23:38 GMT" skipped="0">
  <testcase classname="com.sevenrmartsupermarket.tests.ManageSliderTest" name="verifyNewSliderCreation" time="130.044"/>
  <testcase classname="com.sevenrmartsupermarket.tests.ManageSliderTest" name="verifySliderUpdation" time="5.139"/>
</testsuite> <!-- com.sevenrmartsupermarket.tests.ManageSliderTest -->
